0 info it worked if it ends with ok
1 verbose cli [ '/usr/bin/nodejs',
1 verbose cli   '/usr/bin/npm',
1 verbose cli   'install',
1 verbose cli   'please-upgrade-node' ]
2 info using npm@3.5.2
3 info using node@v4.2.6
4 silly loadCurrentTree Starting
5 silly install loadCurrentTree
6 silly install readLocalPackageData
7 silly fetchPackageMetaData please-upgrade-node
8 silly fetchNamedPackageData please-upgrade-node
9 silly mapToRegistry name please-upgrade-node
10 silly mapToRegistry using default registry
11 silly mapToRegistry registry https://registry.npmjs.org/
12 silly mapToRegistry uri https://registry.npmjs.org/please-upgrade-node
13 verbose request uri https://registry.npmjs.org/please-upgrade-node
14 verbose request no auth needed
15 info attempt registry request try #1 at 11:30:20 AM
16 verbose request id ece234078b52a7d7
17 verbose etag W/"bc4d7f3119a57462ae15789c987a4b43"
18 verbose lastModified Thu, 05 Jul 2018 00:02:20 GMT
19 http request GET https://registry.npmjs.org/please-upgrade-node
20 http 304 https://registry.npmjs.org/please-upgrade-node
21 verbose headers { date: 'Mon, 01 Oct 2018 09:30:20 GMT',
21 verbose headers   connection: 'keep-alive',
21 verbose headers   'set-cookie': [ '__cfduid=db7c3d3c3021c6b624a617fb5c6fe59531538386220; expires=Tue, 01-Oct-19 09:30:20 GMT; path=/; domain=.registry.npmjs.org; HttpOnly' ],
21 verbose headers   'cf-cache-status': 'HIT',
21 verbose headers   'cache-control': 'max-age=300',
21 verbose headers   'cf-ray': '462de8f4dfeb3d07-CPH',
21 verbose headers   etag: '"bc4d7f3119a57462ae15789c987a4b43"',
21 verbose headers   'expect-ct': 'max-age=604800, report-uri="https://report-uri.cloudflare.com/cdn-cgi/beacon/expect-ct"',
21 verbose headers   'last-modified': 'Thu, 05 Jul 2018 00:02:20 GMT',
21 verbose headers   vary: 'accept-encoding, accept',
21 verbose headers   server: 'cloudflare' }
22 silly get cb [ 304,
22 silly get   { date: 'Mon, 01 Oct 2018 09:30:20 GMT',
22 silly get     connection: 'keep-alive',
22 silly get     'set-cookie': [ '__cfduid=db7c3d3c3021c6b624a617fb5c6fe59531538386220; expires=Tue, 01-Oct-19 09:30:20 GMT; path=/; domain=.registry.npmjs.org; HttpOnly' ],
22 silly get     'cf-cache-status': 'HIT',
22 silly get     'cache-control': 'max-age=300',
22 silly get     'cf-ray': '462de8f4dfeb3d07-CPH',
22 silly get     etag: '"bc4d7f3119a57462ae15789c987a4b43"',
22 silly get     'expect-ct': 'max-age=604800, report-uri="https://report-uri.cloudflare.com/cdn-cgi/beacon/expect-ct"',
22 silly get     'last-modified': 'Thu, 05 Jul 2018 00:02:20 GMT',
22 silly get     vary: 'accept-encoding, accept',
22 silly get     server: 'cloudflare' } ]
23 verbose etag https://registry.npmjs.org/please-upgrade-node from cache
24 verbose get saving please-upgrade-node to /home/charlie/.npm/registry.npmjs.org/please-upgrade-node/.cache.json
25 silly install normalizeTree
26 silly loadCurrentTree Finishing
27 silly loadIdealTree Starting
28 silly install loadIdealTree
29 silly cloneCurrentTree Starting
30 silly install cloneCurrentTreeToIdealTree
31 silly cloneCurrentTree Finishing
32 silly loadShrinkwrap Starting
33 silly install loadShrinkwrap
34 silly loadShrinkwrap Finishing
35 silly loadAllDepsIntoIdealTree Starting
36 silly install loadAllDepsIntoIdealTree
37 silly resolveWithNewModule please-upgrade-node@3.1.1 checking installable status
38 silly cache add args [ 'please-upgrade-node', null ]
39 verbose cache add spec please-upgrade-node
40 silly cache add parsed spec Result {
40 silly cache add   raw: 'please-upgrade-node',
40 silly cache add   scope: null,
40 silly cache add   name: 'please-upgrade-node',
40 silly cache add   rawSpec: '',
40 silly cache add   spec: 'latest',
40 silly cache add   type: 'tag' }
41 silly addNamed please-upgrade-node@latest
42 verbose addNamed "latest" is being treated as a dist-tag for please-upgrade-node
43 info addNameTag [ 'please-upgrade-node', 'latest' ]
44 silly mapToRegistry name please-upgrade-node
45 silly mapToRegistry using default registry
46 silly mapToRegistry registry https://registry.npmjs.org/
47 silly mapToRegistry uri https://registry.npmjs.org/please-upgrade-node
48 verbose addNameTag registry:https://registry.npmjs.org/please-upgrade-node not in flight; fetching
49 verbose get https://registry.npmjs.org/please-upgrade-node not expired, no request
50 silly addNameTag next cb for please-upgrade-node with tag latest
51 silly addNamed please-upgrade-node@3.1.1
52 verbose addNamed "3.1.1" is a plain semver version for please-upgrade-node
53 silly cache afterAdd please-upgrade-node@3.1.1
54 verbose afterAdd /home/charlie/.npm/please-upgrade-node/3.1.1/package/package.json not in flight; writing
55 verbose afterAdd /home/charlie/.npm/please-upgrade-node/3.1.1/package/package.json written
56 silly fetchNamedPackageData semver-compare
57 silly mapToRegistry name semver-compare
58 silly mapToRegistry using default registry
59 silly mapToRegistry registry https://registry.npmjs.org/
60 silly mapToRegistry uri https://registry.npmjs.org/semver-compare
61 verbose request uri https://registry.npmjs.org/semver-compare
62 verbose request no auth needed
63 info attempt registry request try #1 at 11:30:20 AM
64 verbose etag W/"1b1943504615d3e569a267e04b13ccc0"
65 verbose lastModified Sun, 27 May 2018 16:57:24 GMT
66 http request GET https://registry.npmjs.org/semver-compare
67 http 304 https://registry.npmjs.org/semver-compare
68 verbose headers { date: 'Mon, 01 Oct 2018 09:30:20 GMT',
68 verbose headers   connection: 'keep-alive',
68 verbose headers   'set-cookie': [ '__cfduid=d77e866179086789ac50f7133bc872b9b1538386220; expires=Tue, 01-Oct-19 09:30:20 GMT; path=/; domain=.registry.npmjs.org; HttpOnly' ],
68 verbose headers   'cf-cache-status': 'HIT',
68 verbose headers   'cache-control': 'max-age=300',
68 verbose headers   'cf-ray': '462de8f5beba3d01-CPH',
68 verbose headers   etag: '"1b1943504615d3e569a267e04b13ccc0"',
68 verbose headers   'expect-ct': 'max-age=604800, report-uri="https://report-uri.cloudflare.com/cdn-cgi/beacon/expect-ct"',
68 verbose headers   'last-modified': 'Sun, 27 May 2018 16:57:24 GMT',
68 verbose headers   vary: 'accept-encoding, accept',
68 verbose headers   server: 'cloudflare' }
69 silly get cb [ 304,
69 silly get   { date: 'Mon, 01 Oct 2018 09:30:20 GMT',
69 silly get     connection: 'keep-alive',
69 silly get     'set-cookie': [ '__cfduid=d77e866179086789ac50f7133bc872b9b1538386220; expires=Tue, 01-Oct-19 09:30:20 GMT; path=/; domain=.registry.npmjs.org; HttpOnly' ],
69 silly get     'cf-cache-status': 'HIT',
69 silly get     'cache-control': 'max-age=300',
69 silly get     'cf-ray': '462de8f5beba3d01-CPH',
69 silly get     etag: '"1b1943504615d3e569a267e04b13ccc0"',
69 silly get     'expect-ct': 'max-age=604800, report-uri="https://report-uri.cloudflare.com/cdn-cgi/beacon/expect-ct"',
69 silly get     'last-modified': 'Sun, 27 May 2018 16:57:24 GMT',
69 silly get     vary: 'accept-encoding, accept',
69 silly get     server: 'cloudflare' } ]
70 verbose etag https://registry.npmjs.org/semver-compare from cache
71 verbose get saving semver-compare to /home/charlie/.npm/registry.npmjs.org/semver-compare/.cache.json
72 silly resolveWithNewModule semver-compare@1.0.0 checking installable status
73 silly cache add args [ 'semver-compare@^1.0.0', null ]
74 verbose cache add spec semver-compare@^1.0.0
75 silly cache add parsed spec Result {
75 silly cache add   raw: 'semver-compare@^1.0.0',
75 silly cache add   scope: null,
75 silly cache add   name: 'semver-compare',
75 silly cache add   rawSpec: '^1.0.0',
75 silly cache add   spec: '>=1.0.0 <2.0.0',
75 silly cache add   type: 'range' }
76 silly addNamed semver-compare@>=1.0.0 <2.0.0
77 verbose addNamed ">=1.0.0 <2.0.0" is a valid semver range for semver-compare
78 silly addNameRange { name: 'semver-compare',
78 silly addNameRange   range: '>=1.0.0 <2.0.0',
78 silly addNameRange   hasData: false }
79 silly mapToRegistry name semver-compare
80 silly mapToRegistry using default registry
81 silly mapToRegistry registry https://registry.npmjs.org/
82 silly mapToRegistry uri https://registry.npmjs.org/semver-compare
83 verbose addNameRange registry:https://registry.npmjs.org/semver-compare not in flight; fetching
84 verbose get https://registry.npmjs.org/semver-compare not expired, no request
85 silly addNameRange number 2 { name: 'semver-compare',
85 silly addNameRange   range: '>=1.0.0 <2.0.0',
85 silly addNameRange   hasData: true }
86 silly addNameRange versions [ 'semver-compare', [ '1.0.0' ] ]
87 silly addNamed semver-compare@1.0.0
88 verbose addNamed "1.0.0" is a plain semver version for semver-compare
89 silly cache afterAdd semver-compare@1.0.0
90 verbose afterAdd /home/charlie/.npm/semver-compare/1.0.0/package/package.json not in flight; writing
91 verbose afterAdd /home/charlie/.npm/semver-compare/1.0.0/package/package.json written
92 silly loadAllDepsIntoIdealTree Finishing
93 silly idealTree:prePrune JSON
93 silly idealTree:prePrune ├── please-upgrade-node@3.1.1
93 silly idealTree:prePrune └── semver-compare@1.0.0
94 silly loadIdealTree Finishing
95 silly currentTree JSON
95 silly currentTree ├── please-upgrade-node@3.1.1
95 silly currentTree └── semver-compare@1.0.0
96 silly idealTree JSON
96 silly idealTree ├── please-upgrade-node@3.1.1
96 silly idealTree └── semver-compare@1.0.0
97 silly generateActionsToTake Starting
98 silly install generateActionsToTake
99 warn checkPermissions Missing write access to /home/charlie/Workspace/WebProgramming/JSON/node_modules
100 silly rollbackFailedOptional Starting
101 silly rollbackFailedOptional Finishing
102 silly runTopLevelLifecycles Starting
103 silly runTopLevelLifecycles Finishing
104 silly install printInstalled
105 warn enoent ENOENT: no such file or directory, open '/home/charlie/Workspace/WebProgramming/JSON/package.json'
106 warn JSON No description
107 warn JSON No repository field.
108 warn JSON No README data
109 warn JSON No license field.
110 verbose stack Error: EACCES: permission denied, access '/home/charlie/Workspace/WebProgramming/JSON/node_modules'
110 verbose stack     at Error (native)
111 verbose cwd /home/charlie/Workspace/WebProgramming/JSON
112 error Linux 4.15.0-34-generic
113 error argv "/usr/bin/nodejs" "/usr/bin/npm" "install" "please-upgrade-node"
114 error node v4.2.6
115 error npm  v3.5.2
116 error path /home/charlie/Workspace/WebProgramming/JSON/node_modules
117 error code EACCES
118 error errno -13
119 error syscall access
120 error Error: EACCES: permission denied, access '/home/charlie/Workspace/WebProgramming/JSON/node_modules'
120 error     at Error (native)
120 error  { [Error: EACCES: permission denied, access '/home/charlie/Workspace/WebProgramming/JSON/node_modules']
120 error   errno: -13,
120 error   code: 'EACCES',
120 error   syscall: 'access',
120 error   path: '/home/charlie/Workspace/WebProgramming/JSON/node_modules' }
121 error Please try running this command again as root/Administrator.
122 verbose exit [ -13, true ]
